[19-Jul-2025 07:27:12 Europe/Berlin] PHP Warning:  include(db.php): Failed to open stream: No such file or directory in C:\xampp\htdocs\koncepto-app\api\place-request.php on line 8
[19-Jul-2025 07:27:12 Europe/Berlin] PHP Warning:  include(): Failed opening 'db.php' for inclusion (include_path='C:\xampp\php\PEAR') in C:\xampp\htdocs\koncepto-app\api\place-request.php on line 8
[19-Jul-2025 07:27:12 Europe/Berlin] PHP Warning:  Undefined variable $conn in C:\xampp\htdocs\koncepto-app\api\place-request.php on line 21
[19-Jul-2025 07:27:12 Europe/Berlin] PHP Fatal error:  Uncaught Error: Call to a member function begin_transaction() on null in C:\xampp\htdocs\koncepto-app\api\place-request.php:21
Stack trace:
#0 {main}
  thrown in C:\xampp\htdocs\koncepto-app\api\place-request.php on line 21
[19-Jul-2025 07:27:19 Europe/Berlin] PHP Warning:  include(db.php): Failed to open stream: No such file or directory in C:\xampp\htdocs\koncepto-app\api\place-request.php on line 8
[19-Jul-2025 07:27:19 Europe/Berlin] PHP Warning:  include(): Failed opening 'db.php' for inclusion (include_path='C:\xampp\php\PEAR') in C:\xampp\htdocs\koncepto-app\api\place-request.php on line 8
[19-Jul-2025 07:27:19 Europe/Berlin] PHP Warning:  Undefined variable $conn in C:\xampp\htdocs\koncepto-app\api\place-request.php on line 21
[19-Jul-2025 07:27:19 Europe/Berlin] PHP Fatal error:  Uncaught Error: Call to a member function begin_transaction() on null in C:\xampp\htdocs\koncepto-app\api\place-request.php:21
Stack trace:
#0 {main}
  thrown in C:\xampp\htdocs\koncepto-app\api\place-request.php on line 21
[19-Jul-2025 07:27:44 Europe/Berlin] PHP Warning:  include(db.php): Failed to open stream: No such file or directory in C:\xampp\htdocs\koncepto-app\api\place-request.php on line 8
[19-Jul-2025 07:27:44 Europe/Berlin] PHP Warning:  include(): Failed opening 'db.php' for inclusion (include_path='C:\xampp\php\PEAR') in C:\xampp\htdocs\koncepto-app\api\place-request.php on line 8
[19-Jul-2025 07:27:44 Europe/Berlin] PHP Warning:  Undefined variable $conn in C:\xampp\htdocs\koncepto-app\api\place-request.php on line 21
[19-Jul-2025 07:27:44 Europe/Berlin] PHP Fatal error:  Uncaught Error: Call to a member function begin_transaction() on null in C:\xampp\htdocs\koncepto-app\api\place-request.php:21
Stack trace:
#0 {main}
  thrown in C:\xampp\htdocs\koncepto-app\api\place-request.php on line 21
[19-Jul-2025 07:28:23 Europe/Berlin] PHP Warning:  include(db.php): Failed to open stream: No such file or directory in C:\xampp\htdocs\koncepto-app\api\place-request.php on line 8
[19-Jul-2025 07:28:23 Europe/Berlin] PHP Warning:  include(): Failed opening 'db.php' for inclusion (include_path='C:\xampp\php\PEAR') in C:\xampp\htdocs\koncepto-app\api\place-request.php on line 8
[19-Jul-2025 07:28:23 Europe/Berlin] PHP Warning:  Undefined variable $conn in C:\xampp\htdocs\koncepto-app\api\place-request.php on line 21
[19-Jul-2025 07:28:23 Europe/Berlin] PHP Fatal error:  Uncaught Error: Call to a member function begin_transaction() on null in C:\xampp\htdocs\koncepto-app\api\place-request.php:21
Stack trace:
#0 {main}
  thrown in C:\xampp\htdocs\koncepto-app\api\place-request.php on line 21
